{ message:
   '::1 - - [18/Feb/2019:22:31:41 +0000] "GET / HTTP/1.1" 304 -\n',
  level: 'info' }
{ message:
   '::1 - - [18/Feb/2019:22:31:42 +0000] "GET /static/js/2.04b1bd75.chunk.js HTTP/1.1" 304 -\n',
  level: 'info' }
{ message:
   '::1 - - [18/Feb/2019:22:31:42 +0000] "GET /static/js/main.1bcf9b76.chunk.js HTTP/1.1" 304 -\n',
  level: 'info' }
{ message:
   '::1 - - [18/Feb/2019:22:31:42 +0000] "GET /static/js/2.04b1bd75.chunk.js.map HTTP/1.1" 304 -\n',
  level: 'info' }
{ message:
   '::1 - - [18/Feb/2019:22:31:42 +0000] "GET /static/js/main.1bcf9b76.chunk.js.map HTTP/1.1" 304 -\n',
  level: 'info' }
{ message:
   '::1 - - [18/Feb/2019:22:31:42 +0000] "GET /manifest.json HTTP/1.1" 304 -\n',
  level: 'info' }
{ message:
   '::1 - - [18/Feb/2019:22:31:42 +0000] "GET /favicon.ico HTTP/1.1" 200 3870\n',
  level: 'info' }
{ message:
   '::ffff:127.0.0.1 - - [18/Feb/2019:22:33:27 +0000] "GET / HTTP/1.1" 200 2011\n',
  level: 'info' }
